#-----------------------------------------------------------
# PlanAhead v14.7
# Build 321239 by xbuild on Fri Sep 27 19:31:35 MDT 2013
# Start of session at: Tue May 24 19:08:20 2022
# Process ID: 17156
# Log file: C:/Users/Phol/Documents/ComHardAssignment/planAhead_run_1/planAhead.log
# Journal file: C:/Users/Phol/Documents/ComHardAssignment/planAhead_run_1/planAhead.jou
#-----------------------------------------------------------
INFO: [Common 17-78] Attempting to get a license: PlanAhead
INFO: [Common 17-290] Got license for PlanAhead
INFO: [Device 21-36] Loading parts and site information from C:/Xilinx/14.7/ISE_DS/PlanAhead/data/parts/arch.xml
Parsing RTL primitives file [C:/Xilinx/14.7/ISE_DS/PlanAhead/data/parts/xilinx/rtl/prims/rtl_prims.xml]
Finished parsing RTL primitives file [C:/Xilinx/14.7/ISE_DS/PlanAhead/data/parts/xilinx/rtl/prims/rtl_prims.xml]
start_gui
source C:/Users/Phol/Documents/ComHardAssignment/pa.fromNetlist.tcl
# create_project -name AirPurifier -dir "C:/Users/Phol/Documents/ComHardAssignment/planAhead_run_1" -part xc6slx9tqg144-3
create_project: Time (s): elapsed = 00:00:07 . Memory (MB): peak = 409.051 ; gain = 29.977
# set_property design_mode GateLvl [get_property srcset [current_run -impl]]
# set_property edif_top_file "C:/Users/Phol/Documents/ComHardAssignment/main.ngc" [ get_property srcset [ current_run ] ]
# add_files -norecurse { {C:/Users/Phol/Documents/ComHardAssignment} }
# set_param project.pinAheadLayout  yes
# set_property target_constrs_file "C:/Users/Phol/Documents/ComHardAssignment/AirPurifier/main.ucf" [current_fileset -constrset]
Adding file 'C:/Users/Phol/Documents/ComHardAssignment/AirPurifier/main.ucf' to fileset 'constrs_1'
# add_files [list {C:/Users/Phol/Documents/ComHardAssignment/AirPurifier/main.ucf}] -fileset [get_property constrset [current_run]]
# link_design
Design is defaulting to srcset: sources_1
Design is defaulting to constrset: constrs_1
Design is defaulting to project part: xc6slx9tqg144-3
Release 14.7 - ngc2edif P.20131013 (nt)
Copyright (c) 1995-2013 Xilinx, Inc.  All rights reserved.

Release 14.7 - ngc2edif P.20131013 (nt)
Copyright (c) 1995-2013 Xilinx, Inc.  All rights reserved.
Reading design main.ngc ...
WARNING:NetListWriters:298 - No output is written to main.xncf, ignored.
Processing design ...
   Preping design's networks ...
   Preping design's macros ...
WARNING:NetListWriters:306 - Signal bus pwm_duty_rx<6 : 0> on block main is not
   reconstructed, because there are some missing bus signals.
WARNING:NetListWriters:306 - Signal bus
   pwm_module/Msub_GND_6_o_GND_6_o_sub_8_OUT_lut<15 : 0> on block main is not
   reconstructed, because there are some missing bus signals.
  finished :Prep
Writing EDIF netlist file main.edif ...
ngc2edif: Total memory usage is 100776 kilobytes

Parsing EDIF File [./planAhead_run_1/AirPurifier.data/cache/main_ngc_zx.edif]
Finished Parsing EDIF File [./planAhead_run_1/AirPurifier.data/cache/main_ngc_zx.edif]
INFO: [Netlist 29-17] Analyzing 1 Unisim elements for replacement
INFO: [Netlist 29-28] Unisim Transformation completed in 0 CPU seconds
Loading clock regions from C:/Xilinx/14.7/ISE_DS/PlanAhead/data\parts/xilinx/spartan6/spartan6lx/xc6slx9/ClockRegion.xml
Loading clock buffers from C:/Xilinx/14.7/ISE_DS/PlanAhead/data\parts/xilinx/spartan6/spartan6lx/xc6slx9/ClockBuffers.xml
Loading package pin functions from C:/Xilinx/14.7/ISE_DS/PlanAhead/data\parts/xilinx/spartan6/PinFunctions.xml...
Loading package from C:/Xilinx/14.7/ISE_DS/PlanAhead/data\parts/xilinx/spartan6/spartan6lx/xc6slx9/tqg144/Package.xml
Loading io standards from C:/Xilinx/14.7/ISE_DS/PlanAhead/data\./parts/xilinx/spartan6/IOStandards.xml
Loading device configuration modes from C:/Xilinx/14.7/ISE_DS/PlanAhead/data\parts/xilinx/spartan6/ConfigModes.xml
Loading list of drcs for the architecture : C:/Xilinx/14.7/ISE_DS/PlanAhead/data\./parts/xilinx/spartan6/drc.xml
Parsing UCF File [C:/Users/Phol/Documents/ComHardAssignment/AirPurifier/main.ucf]
Finished Parsing UCF File [C:/Users/Phol/Documents/ComHardAssignment/AirPurifier/main.ucf]
INFO: [Project 1-111] Unisim Transformation Summary:
  A total of 1 instances were transformed.
  BUFGP => BUFGP (IBUF, BUFG): 1 instances

Phase 0 | Netlist Checksum: ce27f6e7
link_design: Time (s): elapsed = 00:00:49 . Memory (MB): peak = 520.344 ; gain = 96.824
